<?xml version="1.0" encoding="UTF-8"?>
<!-- Generated by org.testng.reporters.JUnitReportReporter -->
<testsuite skipped="0" hostname="DESKTOP-GOV353R" name="com.practice.qa.scripts.NewScr" tests="1" failures="0" timestamp="08 Feb 2019 13:46:47 GMT" time="6.309" errors="0">
  <testcase name="testLogin" time="6.309" classname="com.practice.qa.scripts.NewScr"/>
</testsuite> <!-- com.practice.qa.scripts.NewScr -->
