<?xml version="1.0" encoding="UTF-8"?>
<!-- Generated by org.testng.reporters.JUnitReportReporter -->
<testsuite skipped="0" hostname="DESKTOP-GOV353R" name="com.practice.qa.scripts.cart.Cart" tests="2" failures="0" timestamp="10 Feb 2019 16:59:53 GMT" time="135.845" errors="0">
  <testcase name="VerifyItemPriceOnCart" time="66.052" classname="com.practice.qa.scripts.cart.Cart"/>
  <testcase name="verifyItemDescriptionOnCart" time="69.793" classname="com.practice.qa.scripts.cart.Cart"/>
</testsuite> <!-- com.practice.qa.scripts.cart.Cart -->
