<?xml version="1.0" encoding="UTF-8"?>
<!-- Generated by org.testng.reporters.JUnitReportReporter -->
<testsuite skipped="0" hostname="DESKTOP-GOV353R" name="com.practice.qa.scripts.EndToEndFlowTest" tests="1" failures="0" timestamp="08 Feb 2019 13:48:07 GMT" time="56.821" errors="0">
  <testcase name="loginTest" time="56.821" classname="com.practice.qa.scripts.EndToEndFlowTest"/>
</testsuite> <!-- com.practice.qa.scripts.EndToEndFlowTest -->
