<?xml version="1.0" encoding="UTF-8"?>
<!-- Generated by org.testng.reporters.JUnitReportReporter -->
<testsuite skipped="0" hostname="INBADBKUMAR" name="com.practice.qa.scripts.Login" tests="1" failures="0" timestamp="09 Aug 2018 10:45:33 GMT" time="28.097" errors="0">
  <testcase name="loginTest" time="28.097" classname="com.practice.qa.scripts.Login"/>
</testsuite> <!-- com.practice.qa.scripts.Login -->
