<?xml version="1.0" encoding="UTF-8"?>
<!-- Generated by org.testng.reporters.JUnitReportReporter -->
<testsuite hostname="DESKTOP-GOV353R" failures="0" tests="1" name="com.practice.qa.scripts.EndToEndFlowTest" time="57.169" errors="0" timestamp="02 Feb 2019 13:16:41 GMT" skipped="0">
  <testcase classname="com.practice.qa.scripts.EndToEndFlowTest" name="loginTest" time="57.169"/>
</testsuite> <!-- com.practice.qa.scripts.EndToEndFlowTest -->
